[WARN ] - [02/06/2014 20:21:03] - [] - [org.gunisalvo.grappa.Grappa.iniciarLog(Grappa.java:133)]
[WARN ] - [02/06/2014 20:21:03] - [=========================================================================] - [org.gunisalvo.grappa.Grappa.iniciarLog(Grappa.java:134)]
[WARN ] - [02/06/2014 20:21:03] - [GRAPPA >> DEPLOY EFETUADO: 20:21:03 02/06/2014] - [org.gunisalvo.grappa.Grappa.iniciarLog(Grappa.java:135)]
[WARN ] - [02/06/2014 20:21:03] - [log criado em: log/grappa.log] - [org.gunisalvo.grappa.Grappa.iniciarLog(Grappa.java:136)]
[WARN ] - [02/06/2014 20:21:03] - [=========================================================================] - [org.gunisalvo.grappa.Grappa.iniciarLog(Grappa.java:137)]
[WARN ] - [02/06/2014 20:21:03] - [] - [org.gunisalvo.grappa.Grappa.iniciarLog(Grappa.java:138)]
[WARN ] - [02/06/2014 20:22:40] - [] - [org.gunisalvo.grappa.Grappa.iniciarLog(Grappa.java:133)]
[WARN ] - [02/06/2014 20:22:40] - [=========================================================================] - [org.gunisalvo.grappa.Grappa.iniciarLog(Grappa.java:134)]
[WARN ] - [02/06/2014 20:22:40] - [GRAPPA >> DEPLOY EFETUADO: 20:22:40 02/06/2014] - [org.gunisalvo.grappa.Grappa.iniciarLog(Grappa.java:135)]
[WARN ] - [02/06/2014 20:22:40] - [log criado em: log/grappa.log] - [org.gunisalvo.grappa.Grappa.iniciarLog(Grappa.java:136)]
[WARN ] - [02/06/2014 20:22:40] - [=========================================================================] - [org.gunisalvo.grappa.Grappa.iniciarLog(Grappa.java:137)]
[WARN ] - [02/06/2014 20:22:40] - [] - [org.gunisalvo.grappa.Grappa.iniciarLog(Grappa.java:138)]
[WARN ] - [02/06/2014 20:23:20] - [] - [org.gunisalvo.grappa.Grappa.iniciarLog(Grappa.java:133)]
[WARN ] - [02/06/2014 20:23:20] - [=========================================================================] - [org.gunisalvo.grappa.Grappa.iniciarLog(Grappa.java:134)]
[WARN ] - [02/06/2014 20:23:20] - [GRAPPA >> DEPLOY EFETUADO: 20:23:20 02/06/2014] - [org.gunisalvo.grappa.Grappa.iniciarLog(Grappa.java:135)]
[WARN ] - [02/06/2014 20:23:20] - [log criado em: log/grappa.log] - [org.gunisalvo.grappa.Grappa.iniciarLog(Grappa.java:136)]
[WARN ] - [02/06/2014 20:23:20] - [=========================================================================] - [org.gunisalvo.grappa.Grappa.iniciarLog(Grappa.java:137)]
[WARN ] - [02/06/2014 20:23:20] - [] - [org.gunisalvo.grappa.Grappa.iniciarLog(Grappa.java:138)]
[WARN ] - [02/06/2014 20:25:01] - [] - [org.gunisalvo.grappa.Grappa.iniciarLog(Grappa.java:133)]
[WARN ] - [02/06/2014 20:25:01] - [=========================================================================] - [org.gunisalvo.grappa.Grappa.iniciarLog(Grappa.java:134)]
[WARN ] - [02/06/2014 20:25:01] - [GRAPPA >> DEPLOY EFETUADO: 20:25:01 02/06/2014] - [org.gunisalvo.grappa.Grappa.iniciarLog(Grappa.java:135)]
[WARN ] - [02/06/2014 20:25:01] - [log criado em: log/grappa.log] - [org.gunisalvo.grappa.Grappa.iniciarLog(Grappa.java:136)]
[WARN ] - [02/06/2014 20:25:01] - [=========================================================================] - [org.gunisalvo.grappa.Grappa.iniciarLog(Grappa.java:137)]
[WARN ] - [02/06/2014 20:25:01] - [] - [org.gunisalvo.grappa.Grappa.iniciarLog(Grappa.java:138)]
[WARN ] - [02/06/2014 20:26:15] - [] - [org.gunisalvo.grappa.Grappa.iniciarLog(Grappa.java:133)]
[WARN ] - [02/06/2014 20:26:15] - [=========================================================================] - [org.gunisalvo.grappa.Grappa.iniciarLog(Grappa.java:134)]
[WARN ] - [02/06/2014 20:26:15] - [GRAPPA >> DEPLOY EFETUADO: 20:26:15 02/06/2014] - [org.gunisalvo.grappa.Grappa.iniciarLog(Grappa.java:135)]
[WARN ] - [02/06/2014 20:26:15] - [log criado em: log/grappa.log] - [org.gunisalvo.grappa.Grappa.iniciarLog(Grappa.java:136)]
[WARN ] - [02/06/2014 20:26:15] - [=========================================================================] - [org.gunisalvo.grappa.Grappa.iniciarLog(Grappa.java:137)]
[WARN ] - [02/06/2014 20:26:15] - [] - [org.gunisalvo.grappa.Grappa.iniciarLog(Grappa.java:138)]
[WARN ] - [02/06/2014 20:28:00] - [] - [org.gunisalvo.grappa.Grappa.iniciarLog(Grappa.java:133)]
[WARN ] - [02/06/2014 20:28:00] - [=========================================================================] - [org.gunisalvo.grappa.Grappa.iniciarLog(Grappa.java:134)]
[WARN ] - [02/06/2014 20:28:00] - [GRAPPA >> DEPLOY EFETUADO: 20:28:00 02/06/2014] - [org.gunisalvo.grappa.Grappa.iniciarLog(Grappa.java:135)]
[WARN ] - [02/06/2014 20:28:00] - [log criado em: log/grappa.log] - [org.gunisalvo.grappa.Grappa.iniciarLog(Grappa.java:136)]
[WARN ] - [02/06/2014 20:28:00] - [=========================================================================] - [org.gunisalvo.grappa.Grappa.iniciarLog(Grappa.java:137)]
[WARN ] - [02/06/2014 20:28:00] - [] - [org.gunisalvo.grappa.Grappa.iniciarLog(Grappa.java:138)]
[WARN ] - [02/06/2014 21:28:23] - [] - [org.gunisalvo.grappa.Grappa.iniciarLog(Grappa.java:133)]
[WARN ] - [02/06/2014 21:28:23] - [=========================================================================] - [org.gunisalvo.grappa.Grappa.iniciarLog(Grappa.java:134)]
[WARN ] - [02/06/2014 21:28:23] - [GRAPPA >> DEPLOY EFETUADO: 21:28:23 02/06/2014] - [org.gunisalvo.grappa.Grappa.iniciarLog(Grappa.java:135)]
[WARN ] - [02/06/2014 21:28:23] - [log criado em: log/grappa.log] - [org.gunisalvo.grappa.Grappa.iniciarLog(Grappa.java:136)]
[WARN ] - [02/06/2014 21:28:23] - [=========================================================================] - [org.gunisalvo.grappa.Grappa.iniciarLog(Grappa.java:137)]
[WARN ] - [02/06/2014 21:28:23] - [] - [org.gunisalvo.grappa.Grappa.iniciarLog(Grappa.java:138)]
[WARN ] - [02/06/2014 21:31:02] - [] - [org.gunisalvo.grappa.Grappa.iniciarLog(Grappa.java:133)]
[WARN ] - [02/06/2014 21:31:02] - [=========================================================================] - [org.gunisalvo.grappa.Grappa.iniciarLog(Grappa.java:134)]
[WARN ] - [02/06/2014 21:31:02] - [GRAPPA >> DEPLOY EFETUADO: 21:31:02 02/06/2014] - [org.gunisalvo.grappa.Grappa.iniciarLog(Grappa.java:135)]
[WARN ] - [02/06/2014 21:31:02] - [log criado em: log/grappa.log] - [org.gunisalvo.grappa.Grappa.iniciarLog(Grappa.java:136)]
[WARN ] - [02/06/2014 21:31:02] - [=========================================================================] - [org.gunisalvo.grappa.Grappa.iniciarLog(Grappa.java:137)]
[WARN ] - [02/06/2014 21:31:02] - [] - [org.gunisalvo.grappa.Grappa.iniciarLog(Grappa.java:138)]
[WARN ] - [02/06/2014 21:32:11] - [] - [org.gunisalvo.grappa.Grappa.iniciarLog(Grappa.java:133)]
[WARN ] - [02/06/2014 21:32:11] - [=========================================================================] - [org.gunisalvo.grappa.Grappa.iniciarLog(Grappa.java:134)]
[WARN ] - [02/06/2014 21:32:11] - [GRAPPA >> DEPLOY EFETUADO: 21:32:11 02/06/2014] - [org.gunisalvo.grappa.Grappa.iniciarLog(Grappa.java:135)]
[WARN ] - [02/06/2014 21:32:11] - [log criado em: log/grappa.log] - [org.gunisalvo.grappa.Grappa.iniciarLog(Grappa.java:136)]
[WARN ] - [02/06/2014 21:32:11] - [=========================================================================] - [org.gunisalvo.grappa.Grappa.iniciarLog(Grappa.java:137)]
[WARN ] - [02/06/2014 21:32:11] - [] - [org.gunisalvo.grappa.Grappa.iniciarLog(Grappa.java:138)]
[WARN ] - [02/06/2014 21:34:16] - [] - [org.gunisalvo.grappa.Grappa.iniciarLog(Grappa.java:133)]
[WARN ] - [02/06/2014 21:34:16] - [=========================================================================] - [org.gunisalvo.grappa.Grappa.iniciarLog(Grappa.java:134)]
[WARN ] - [02/06/2014 21:34:17] - [GRAPPA >> DEPLOY EFETUADO: 21:34:17 02/06/2014] - [org.gunisalvo.grappa.Grappa.iniciarLog(Grappa.java:135)]
[WARN ] - [02/06/2014 21:34:17] - [log criado em: log/grappa.log] - [org.gunisalvo.grappa.Grappa.iniciarLog(Grappa.java:136)]
[WARN ] - [02/06/2014 21:34:17] - [=========================================================================] - [org.gunisalvo.grappa.Grappa.iniciarLog(Grappa.java:137)]
[WARN ] - [02/06/2014 21:34:17] - [] - [org.gunisalvo.grappa.Grappa.iniciarLog(Grappa.java:138)]
[INFO ] - [02/06/2014 21:34:17] - [Barramento Registradores iniciado.] - [org.gunisalvo.grappa.Grappa.log(Grappa.java:147)]
[INFO ] - [02/06/2014 21:34:17] - [Barramento GPIO - "org.gunisalvo.grappa.gpio.hardware.RaspberryVirtual" - iniciado.] - [org.gunisalvo.grappa.Grappa.log(Grappa.java:147)]
[WARN ] - [02/06/2014 21:35:34] - [] - [org.gunisalvo.grappa.Grappa.iniciarLog(Grappa.java:133)]
[WARN ] - [02/06/2014 21:35:34] - [=========================================================================] - [org.gunisalvo.grappa.Grappa.iniciarLog(Grappa.java:134)]
[WARN ] - [02/06/2014 21:35:34] - [GRAPPA >> DEPLOY EFETUADO: 21:35:34 02/06/2014] - [org.gunisalvo.grappa.Grappa.iniciarLog(Grappa.java:135)]
[WARN ] - [02/06/2014 21:35:34] - [log criado em: log/grappa.log] - [org.gunisalvo.grappa.Grappa.iniciarLog(Grappa.java:136)]
[WARN ] - [02/06/2014 21:35:34] - [=========================================================================] - [org.gunisalvo.grappa.Grappa.iniciarLog(Grappa.java:137)]
[WARN ] - [02/06/2014 21:35:34] - [] - [org.gunisalvo.grappa.Grappa.iniciarLog(Grappa.java:138)]
[INFO ] - [02/06/2014 21:35:34] - [Barramento Registradores iniciado.] - [org.gunisalvo.grappa.Grappa.log(Grappa.java:147)]
[INFO ] - [02/06/2014 21:35:34] - [Barramento GPIO - "org.gunisalvo.grappa.gpio.hardware.RaspberryVirtual" - iniciado.] - [org.gunisalvo.grappa.Grappa.log(Grappa.java:147)]
[WARN ] - [02/06/2014 21:36:43] - [] - [org.gunisalvo.grappa.Grappa.iniciarLog(Grappa.java:133)]
[WARN ] - [02/06/2014 21:36:43] - [=========================================================================] - [org.gunisalvo.grappa.Grappa.iniciarLog(Grappa.java:134)]
[WARN ] - [02/06/2014 21:36:43] - [GRAPPA >> DEPLOY EFETUADO: 21:36:43 02/06/2014] - [org.gunisalvo.grappa.Grappa.iniciarLog(Grappa.java:135)]
[WARN ] - [02/06/2014 21:36:43] - [log criado em: log/grappa.log] - [org.gunisalvo.grappa.Grappa.iniciarLog(Grappa.java:136)]
[WARN ] - [02/06/2014 21:36:43] - [=========================================================================] - [org.gunisalvo.grappa.Grappa.iniciarLog(Grappa.java:137)]
[WARN ] - [02/06/2014 21:36:43] - [] - [org.gunisalvo.grappa.Grappa.iniciarLog(Grappa.java:138)]
[INFO ] - [02/06/2014 21:36:43] - [Barramento Registradores iniciado.] - [org.gunisalvo.grappa.Grappa.log(Grappa.java:147)]
[INFO ] - [02/06/2014 21:36:43] - [Barramento GPIO - "org.gunisalvo.grappa.gpio.hardware.RaspberryVirtual" - iniciado.] - [org.gunisalvo.grappa.Grappa.log(Grappa.java:147)]
[WARN ] - [02/06/2014 21:37:17] - [] - [org.gunisalvo.grappa.Grappa.iniciarLog(Grappa.java:133)]
[WARN ] - [02/06/2014 21:37:17] - [=========================================================================] - [org.gunisalvo.grappa.Grappa.iniciarLog(Grappa.java:134)]
[WARN ] - [02/06/2014 21:37:17] - [GRAPPA >> DEPLOY EFETUADO: 21:37:17 02/06/2014] - [org.gunisalvo.grappa.Grappa.iniciarLog(Grappa.java:135)]
[WARN ] - [02/06/2014 21:37:17] - [log criado em: log/grappa.log] - [org.gunisalvo.grappa.Grappa.iniciarLog(Grappa.java:136)]
[WARN ] - [02/06/2014 21:37:17] - [=========================================================================] - [org.gunisalvo.grappa.Grappa.iniciarLog(Grappa.java:137)]
[WARN ] - [02/06/2014 21:37:17] - [] - [org.gunisalvo.grappa.Grappa.iniciarLog(Grappa.java:138)]
[INFO ] - [02/06/2014 21:37:17] - [Barramento Registradores iniciado.] - [org.gunisalvo.grappa.Grappa.log(Grappa.java:147)]
[INFO ] - [02/06/2014 21:37:17] - [Barramento GPIO - "org.gunisalvo.grappa.gpio.hardware.RaspberryVirtual" - iniciado.] - [org.gunisalvo.grappa.Grappa.log(Grappa.java:147)]
[WARN ] - [02/06/2014 21:43:28] - [] - [org.gunisalvo.grappa.Grappa.iniciarLog(Grappa.java:133)]
[WARN ] - [02/06/2014 21:43:28] - [=========================================================================] - [org.gunisalvo.grappa.Grappa.iniciarLog(Grappa.java:134)]
[WARN ] - [02/06/2014 21:43:28] - [GRAPPA >> DEPLOY EFETUADO: 21:43:28 02/06/2014] - [org.gunisalvo.grappa.Grappa.iniciarLog(Grappa.java:135)]
[WARN ] - [02/06/2014 21:43:28] - [log criado em: log/grappa.log] - [org.gunisalvo.grappa.Grappa.iniciarLog(Grappa.java:136)]
[WARN ] - [02/06/2014 21:43:28] - [=========================================================================] - [org.gunisalvo.grappa.Grappa.iniciarLog(Grappa.java:137)]
[WARN ] - [02/06/2014 21:43:28] - [] - [org.gunisalvo.grappa.Grappa.iniciarLog(Grappa.java:138)]
[INFO ] - [02/06/2014 21:43:28] - [Barramento Registradores iniciado.] - [org.gunisalvo.grappa.Grappa.log(Grappa.java:147)]
[INFO ] - [02/06/2014 21:43:28] - [Barramento GPIO - "org.gunisalvo.grappa.gpio.hardware.RaspberryVirtual" - iniciado.] - [org.gunisalvo.grappa.Grappa.log(Grappa.java:147)]
